This is pdfTeX, Version 3.141592653-2.6-1.40.27 (TeX Live 2025/nixos.org) (preloaded format=pdflatex 1980.1.1)  19 OCT 2025 16:05
entering extended mode
 restricted \write18 enabled.
 file:line:error style messages enabled.
 %&-line parsing enabled.
**DS100M08KV.tex
(./DS100M08KV.tex
LaTeX2e <2025-06-01> patch level 1
L3 programming layer <2025-06-09>
(/nix/store/w6p2va3ar44y89m5imfkp7vln1zrmmp7-texlive-2025-env-texmfdist/tex/latex/base/article.cls
Document Class: article 2025/01/22 v1.4n Standard LaTeX document class
(/nix/store/w6p2va3ar44y89m5imfkp7vln1zrmmp7-texlive-2025-env-texmfdist/tex/latex/base/size11.clo
File: size11.clo 2025/01/22 v1.4n Standard LaTeX file (size option)
)
\c@part=\count275
\c@section=\count276
\c@subsection=\count277
\c@subsubsection=\count278
\c@paragraph=\count279
\c@subparagraph=\count280
\c@figure=\count281
\c@table=\count282
\abovecaptionskip=\skip49
\belowcaptionskip=\skip50
\bibindent=\dimen148
) (/nix/store/w6p2va3ar44y89m5imfkp7vln1zrmmp7-texlive-2025-env-texmfdist/tex/latex/siunitx/siunitx.sty
Package: siunitx 2025-05-22 v3.4.12 A comprehensive (SI) units package
\l__siunitx_number_uncert_offset_int=\count283
\l__siunitx_number_exponent_fixed_int=\count284
\l__siunitx_number_min_decimal_int=\count285
\l__siunitx_number_min_integer_int=\count286
\l__siunitx_number_round_precision_int=\count287
\l__siunitx_number_lower_threshold_int=\count288
\l__siunitx_number_upper_threshold_int=\count289
\l__siunitx_number_group_first_int=\count290
\l__siunitx_number_group_size_int=\count291
\l__siunitx_number_group_minimum_int=\count292
\l__siunitx_angle_tmp_dim=\dimen149
\l__siunitx_angle_marker_box=\box53
\l__siunitx_angle_unit_box=\box54
\l__siunitx_compound_count_int=\count293
 (/nix/store/w6p2va3ar44y89m5imfkp7vln1zrmmp7-texlive-2025-env-texmfdist/tex/latex/translations/translations.sty
Package: translations 2022/02/05 v1.12 internationalization of LaTeX2e packages (CN)
 (/nix/store/w6p2va3ar44y89m5imfkp7vln1zrmmp7-texlive-2025-env-texmfdist/tex/latex/etoolbox/etoolbox.sty
Package: etoolbox 2025/02/11 v2.5l e-TeX tools for LaTeX (JAW)
\etb@tempcnta=\count294
) (/nix/store/w6p2va3ar44y89m5imfkp7vln1zrmmp7-texlive-2025-env-texmfdist/tex/generic/pdftexcmds/pdftexcmds.sty
Package: pdftexcmds 2020-06-27 v0.33 Utility functions of pdfTeX for LuaTeX (HO)
 (/nix/store/w6p2va3ar44y89m5imfkp7vln1zrmmp7-texlive-2025-env-texmfdist/tex/generic/infwarerr/infwarerr.sty
Package: infwarerr 2019/12/03 v1.5 Providing info/warning/error messages (HO)
) (/nix/store/w6p2va3ar44y89m5imfkp7vln1zrmmp7-texlive-2025-env-texmfdist/tex/generic/iftex/iftex.sty
Package: iftex 2024/12/12 v1.0g TeX engine tests
) (/nix/store/w6p2va3ar44y89m5imfkp7vln1zrmmp7-texlive-2025-env-texmfdist/tex/generic/ltxcmds/ltxcmds.sty
Package: ltxcmds 2023-12-04 v1.26 LaTeX kernel commands for general use (HO)
)
Package pdftexcmds Info: \pdf@primitive is available.
Package pdftexcmds Info: \pdf@ifprimitive is available.
Package pdftexcmds Info: \pdfdraftmode found.
)) (/nix/store/w6p2va3ar44y89m5imfkp7vln1zrmmp7-texlive-2025-env-texmfdist/tex/latex/amsmath/amstext.sty
Package: amstext 2024/11/17 v2.01 AMS text
 (/nix/store/w6p2va3ar44y89m5imfkp7vln1zrmmp7-texlive-2025-env-texmfdist/tex/latex/amsmath/amsgen.sty
File: amsgen.sty 1999/11/30 v2.0 generic functions
\@emptytoks=\toks17
\ex@=\dimen150
))
\l__siunitx_table_tmp_box=\box55
\l__siunitx_table_tmp_dim=\dimen151
\l__siunitx_table_column_width_dim=\dimen152
\l__siunitx_table_integer_box=\box56
\l__siunitx_table_decimal_box=\box57
\l__siunitx_table_uncert_box=\box58
\l__siunitx_table_before_box=\box59
\l__siunitx_table_after_box=\box60
\l__siunitx_table_before_dim=\dimen153
\l__siunitx_table_carry_dim=\dimen154
\l__siunitx_unit_tmp_int=\count295
\l__siunitx_unit_position_int=\count296
\l__siunitx_unit_total_int=\count297
 (/nix/store/w6p2va3ar44y89m5imfkp7vln1zrmmp7-texlive-2025-env-texmfdist/tex/latex/tools/array.sty
Package: array 2025/06/08 v2.6j Tabular extension package (FMi)
\col@sep=\dimen155
\ar@mcellbox=\box61
\extrarowheight=\dimen156
\NC@list=\toks18
\extratabsurround=\skip51
\backup@length=\skip52
\ar@cellbox=\box62
)) (/nix/store/w6p2va3ar44y89m5imfkp7vln1zrmmp7-texlive-2025-env-texmfdist/tex/latex/tools/tabularx.sty
Package: tabularx 2023/12/11 v2.12a `tabularx' package (DPC)
\TX@col@width=\dimen157
\TX@old@table=\dimen158
\TX@old@col=\dimen159
\TX@target=\dimen160
\TX@delta=\dimen161
\TX@cols=\count298
\TX@ftn=\toks19
) (/nix/store/w6p2va3ar44y89m5imfkp7vln1zrmmp7-texlive-2025-env-texmfdist/tex/latex/float/float.sty
Package: float 2001/11/08 v1.3d Float enhancements (AL)
\c@float@type=\count299
\float@exts=\toks20
\float@box=\box63
\@float@everytoks=\toks21
\@floatcapt=\box64
) (/nix/store/w6p2va3ar44y89m5imfkp7vln1zrmmp7-texlive-2025-env-texmfdist/tex/latex/graphics/graphicx.sty
Package: graphicx 2024/12/31 v1.2e Enhanced LaTeX Graphics (DPC,SPQR)
 (/nix/store/w6p2va3ar44y89m5imfkp7vln1zrmmp7-texlive-2025-env-texmfdist/tex/latex/graphics/keyval.sty
Package: keyval 2022/05/29 v1.15 key=value parser (DPC)
\KV@toks@=\toks22
) (/nix/store/w6p2va3ar44y89m5imfkp7vln1zrmmp7-texlive-2025-env-texmfdist/tex/latex/graphics/graphics.sty
Package: graphics 2024/08/06 v1.4g Standard LaTeX Graphics (DPC,SPQR)
 (/nix/store/w6p2va3ar44y89m5imfkp7vln1zrmmp7-texlive-2025-env-texmfdist/tex/latex/graphics/trig.sty
Package: trig 2023/12/02 v1.11 sin cos tan (DPC)
) (/nix/store/w6p2va3ar44y89m5imfkp7vln1zrmmp7-texlive-2025-env-texmfdist/tex/latex/graphics-cfg/graphics.cfg
File: graphics.cfg 2016/06/04 v1.11 sample graphics configuration
)
Package graphics Info: Driver file: pdftex.def on input line 106.
 (/nix/store/w6p2va3ar44y89m5imfkp7vln1zrmmp7-texlive-2025-env-texmfdist/tex/latex/graphics-def/pdftex.def
File: pdftex.def 2024/04/13 v1.2c Graphics/color driver for pdftex
))
\Gin@req@height=\dimen162
\Gin@req@width=\dimen163
)
(/nix/store/w6p2va3ar44y89m5imfkp7vln1zrmmp7-texlive-2025-env-texmfdist/tex/latex/jknapltx/mathrsfs.sty
Package: mathrsfs 1996/01/01 Math RSFS package v1.0 (jk)
\symrsfs=\mathgroup4
) (/nix/store/w6p2va3ar44y89m5imfkp7vln1zrmmp7-texlive-2025-env-texmfdist/tex/latex/caption/subcaption.sty
Package: subcaption 2023/07/28 v1.6b Sub-captions (AR)
 (/nix/store/w6p2va3ar44y89m5imfkp7vln1zrmmp7-texlive-2025-env-texmfdist/tex/latex/caption/caption.sty
Package: caption 2023/08/05 v3.6o Customizing captions (AR)
 (/nix/store/w6p2va3ar44y89m5imfkp7vln1zrmmp7-texlive-2025-env-texmfdist/tex/latex/caption/caption3.sty
Package: caption3 2023/07/31 v2.4d caption3 kernel (AR)
\caption@tempdima=\dimen164
\captionmargin=\dimen165
\caption@leftmargin=\dimen166
\caption@rightmargin=\dimen167
\caption@width=\dimen168
\caption@indent=\dimen169
\caption@parindent=\dimen170
\caption@hangindent=\dimen171
Package caption Info: Standard document class detected.
)
\c@caption@flags=\count300
\c@continuedfloat=\count301
Package caption Info: float package is loaded.
)
Package caption Info: New subtype `subfigure' on input line 238.
\c@subfigure=\count302
Package caption Info: New subtype `subtable' on input line 238.
\c@subtable=\count303
) (/nix/store/w6p2va3ar44y89m5imfkp7vln1zrmmp7-texlive-2025-env-texmfdist/tex/latex/hyperref/hyperref.sty
Package: hyperref 2025-06-21 v7.01n Hypertext links for LaTeX
 (/nix/store/w6p2va3ar44y89m5imfkp7vln1zrmmp7-texlive-2025-env-texmfdist/tex/latex/kvsetkeys/kvsetkeys.sty
Package: kvsetkeys 2022-10-05 v1.19 Key value parser (HO)
) (/nix/store/w6p2va3ar44y89m5imfkp7vln1zrmmp7-texlive-2025-env-texmfdist/tex/generic/kvdefinekeys/kvdefinekeys.sty
Package: kvdefinekeys 2019-12-19 v1.6 Define keys (HO)
) (/nix/store/w6p2va3ar44y89m5imfkp7vln1zrmmp7-texlive-2025-env-texmfdist/tex/generic/pdfescape/pdfescape.sty
Package: pdfescape 2019/12/09 v1.15 Implements pdfTeX's escape features (HO)
) (/nix/store/w6p2va3ar44y89m5imfkp7vln1zrmmp7-texlive-2025-env-texmfdist/tex/latex/hycolor/hycolor.sty
Package: hycolor 2020-01-27 v1.10 Color options for hyperref/bookmark (HO)
) (/nix/store/w6p2va3ar44y89m5imfkp7vln1zrmmp7-texlive-2025-env-texmfdist/tex/latex/hyperref/nameref.sty
Package: nameref 2025-06-21 v2.57 Cross-referencing by name of section
 (/nix/store/w6p2va3ar44y89m5imfkp7vln1zrmmp7-texlive-2025-env-texmfdist/tex/latex/refcount/refcount.sty
Package: refcount 2019/12/15 v3.6 Data extraction from label references (HO)
) (/nix/store/w6p2va3ar44y89m5imfkp7vln1zrmmp7-texlive-2025-env-texmfdist/tex/generic/gettitlestring/gettitlestring.sty
Package: gettitlestring 2019/12/15 v1.6 Cleanup title references (HO)
 (/nix/store/w6p2va3ar44y89m5imfkp7vln1zrmmp7-texlive-2025-env-texmfdist/tex/latex/kvoptions/kvoptions.sty
Package: kvoptions 2022-06-15 v3.15 Key value format for package options (HO)
))
\c@section@level=\count304
) (/nix/store/w6p2va3ar44y89m5imfkp7vln1zrmmp7-texlive-2025-env-texmfdist/tex/generic/stringenc/stringenc.sty
Package: stringenc 2019/11/29 v1.12 Convert strings between diff. encodings (HO)
)
\@linkdim=\dimen172
\Hy@linkcounter=\count305
\Hy@pagecounter=\count306
 (/nix/store/w6p2va3ar44y89m5imfkp7vln1zrmmp7-texlive-2025-env-texmfdist/tex/latex/hyperref/pd1enc.def
File: pd1enc.def 2025-06-21 v7.01n Hyperref: PDFDocEncoding definition (HO)
Now handling font encoding PD1 ...
... no UTF-8 mapping file for font encoding PD1
) (/nix/store/w6p2va3ar44y89m5imfkp7vln1zrmmp7-texlive-2025-env-texmfdist/tex/generic/intcalc/intcalc.sty
Package: intcalc 2019/12/15 v1.3 Expandable calculations with integers (HO)
)
\Hy@SavedSpaceFactor=\count307
 (/nix/store/w6p2va3ar44y89m5imfkp7vln1zrmmp7-texlive-2025-env-texmfdist/tex/latex/hyperref/puenc.def
File: puenc.def 2025-06-21 v7.01n Hyperref: PDF Unicode definition (HO)
Now handling font encoding PU ...
... no UTF-8 mapping file for font encoding PU
)
Package hyperref Info: Hyper figures OFF on input line 4181.
Package hyperref Info: Link nesting OFF on input line 4186.
Package hyperref Info: Hyper index ON on input line 4189.
Package hyperref Info: Plain pages OFF on input line 4196.
Package hyperref Info: Backreferencing OFF on input line 4201.
Package hyperref Info: Implicit mode ON; LaTeX internals redefined.
Package hyperref Info: Bookmarks ON on input line 4448.
\c@Hy@tempcnt=\count308
 (/nix/store/w6p2va3ar44y89m5imfkp7vln1zrmmp7-texlive-2025-env-texmfdist/tex/latex/url/url.sty
\Urlmuskip=\muskip17
Package: url 2013/09/16  ver 3.4  Verb mode for urls, etc.
)
LaTeX Info: Redefining \url on input line 4787.
\XeTeXLinkMargin=\dimen173

(/nix/store/w6p2va3ar44y89m5imfkp7vln1zrmmp7-texlive-2025-env-texmfdist/tex/generic/bitset/bitset.sty
Package: bitset 2019/12/09 v1.3 Handle bit-vector datatype (HO)
 (/nix/store/w6p2va3ar44y89m5imfkp7vln1zrmmp7-texlive-2025-env-texmfdist/tex/generic/bigintcalc/bigintcalc.sty
Package: bigintcalc 2019/12/15 v1.5 Expandable calculations on big integers (HO)
))
\Fld@menulength=\count309
\Field@Width=\dimen174
\Fld@charsize=\dimen175
Package hyperref Info: Hyper figures OFF on input line 6066.
Package hyperref Info: Link nesting OFF on input line 6071.
Package hyperref Info: Hyper index ON on input line 6074.
Package hyperref Info: backreferencing OFF on input line 6081.
Package hyperref Info: Link coloring OFF on input line 6086.
Package hyperref Info: Link coloring with OCG OFF on input line 6091.
Package hyperref Info: PDF/A mode OFF on input line 6096.
\Hy@abspage=\count310
\c@Item=\count311
\c@Hfootnote=\count312
)
Package hyperref Info: Driver (autodetected): hpdftex.
 (/nix/store/w6p2va3ar44y89m5imfkp7vln1zrmmp7-texlive-2025-env-texmfdist/tex/latex/hyperref/hpdftex.def
File: hpdftex.def 2025-06-21 v7.01n Hyperref driver for pdfTeX
\Fld@listcount=\count313
\c@bookmark@seq@number=\count314
 (/nix/store/w6p2va3ar44y89m5imfkp7vln1zrmmp7-texlive-2025-env-texmfdist/tex/latex/rerunfilecheck/rerunfilecheck.sty
Package: rerunfilecheck 2025-06-21 v1.11 Rerun checks for auxiliary files (HO)
 (/nix/store/w6p2va3ar44y89m5imfkp7vln1zrmmp7-texlive-2025-env-texmfdist/tex/generic/uniquecounter/uniquecounter.sty
Package: uniquecounter 2019/12/15 v1.4 Provide unlimited unique counter (HO)
)
Package uniquecounter Info: New unique counter `rerunfilecheck' on input line 284.
)
\Hy@SectionHShift=\skip53
) (/nix/store/w6p2va3ar44y89m5imfkp7vln1zrmmp7-texlive-2025-env-texmfdist/tex/latex/csquotes/csquotes.sty
Package: csquotes 2024-04-04 v5.2o context-sensitive quotations (JAW)
\csq@reset=\count315
\csq@gtype=\count316
\csq@glevel=\count317
\csq@qlevel=\count318
\csq@maxlvl=\count319
\csq@tshold=\count320
\csq@ltx@everypar=\toks23
 (/nix/store/w6p2va3ar44y89m5imfkp7vln1zrmmp7-texlive-2025-env-texmfdist/tex/latex/csquotes/csquotes.def
File: csquotes.def 2024-04-04 v5.2o csquotes generic definitions (JAW)
)
Package csquotes Info: Trying to load configuration file 'csquotes.cfg'...
Package csquotes Info: ... configuration file loaded successfully.
 (/nix/store/w6p2va3ar44y89m5imfkp7vln1zrmmp7-texlive-2025-env-texmfdist/tex/latex/csquotes/csquotes.cfg
File: csquotes.cfg 
)) (/nix/store/w6p2va3ar44y89m5imfkp7vln1zrmmp7-texlive-2025-env-texmfdist/tex/latex/tools/verbatim.sty
Package: verbatim 2024-01-22 v1.5x LaTeX2e package for verbatim enhancements
\every@verbatim=\toks24
\verbatim@line=\toks25
\verbatim@in@stream=\read2
) (/nix/store/w6p2va3ar44y89m5imfkp7vln1zrmmp7-texlive-2025-env-texmfdist/tex/latex/cite/cite.sty
LaTeX Info: Redefining \cite on input line 302.
LaTeX Info: Redefining \nocite on input line 332.
Package: cite 2015/02/27  v 5.5
) (/nix/store/w6p2va3ar44y89m5imfkp7vln1zrmmp7-texlive-2025-env-texmfdist/tex/latex/sttools/stfloats.sty
Package: stfloats 2025/06/18 v3.4 Improve float mechanism and baselineskip settings
\@dblbotnum=\count321
\c@dblbotnumber=\count322
) (/nix/store/w6p2va3ar44y89m5imfkp7vln1zrmmp7-texlive-2025-env-texmfdist/tex/latex/base/textcomp.sty
Package: textcomp 2024/04/24 v2.1b Standard LaTeX package
) (/nix/store/w6p2va3ar44y89m5imfkp7vln1zrmmp7-texlive-2025-env-texmfdist/tex/latex/algorithms/algorithm.sty
Package: algorithm 2009/08/24 v0.1 Document Style `algorithm' - floating environment
 (/nix/store/w6p2va3ar44y89m5imfkp7vln1zrmmp7-texlive-2025-env-texmfdist/tex/latex/base/ifthen.sty
Package: ifthen 2024/03/16 v1.1e Standard LaTeX ifthen package (DPC)
)
\@float@every@algorithm=\toks26
\c@algorithm=\count323
) (/nix/store/w6p2va3ar44y89m5imfkp7vln1zrmmp7-texlive-2025-env-texmfdist/tex/latex/algorithms/algorithmic.sty
Package: algorithmic 2009/08/24 v0.1 Document Style `algorithmic'
\c@ALC@unique=\count324
\c@ALC@line=\count325
\c@ALC@rem=\count326
\c@ALC@depth=\count327
\ALC@tlm=\skip54
\algorithmicindent=\skip55
) (/nix/store/w6p2va3ar44y89m5imfkp7vln1zrmmp7-texlive-2025-env-texmfdist/tex/latex/amsmath/amsmath.sty
Package: amsmath 2025/06/16 v2.17y AMS math features
\@mathmargin=\skip56

For additional information on amsmath, use the `?' option.
(/nix/store/w6p2va3ar44y89m5imfkp7vln1zrmmp7-texlive-2025-env-texmfdist/tex/latex/amsmath/amsbsy.sty
Package: amsbsy 1999/11/29 v1.2d Bold Symbols
\pmbraise@=\dimen176
) (/nix/store/w6p2va3ar44y89m5imfkp7vln1zrmmp7-texlive-2025-env-texmfdist/tex/latex/amsmath/amsopn.sty
Package: amsopn 2022/04/08 v2.04 operator names
)
\inf@bad=\count328
LaTeX Info: Redefining \frac on input line 233.
\uproot@=\count329
\leftroot@=\count330
LaTeX Info: Redefining \overline on input line 398.
LaTeX Info: Redefining \colon on input line 409.
\classnum@=\count331
\DOTSCASE@=\count332
LaTeX Info: Redefining \ldots on input line 495.
LaTeX Info: Redefining \dots on input line 498.
LaTeX Info: Redefining \cdots on input line 619.
\Mathstrutbox@=\box65
\strutbox@=\box66
LaTeX Info: Redefining \big on input line 721.
LaTeX Info: Redefining \Big on input line 722.
LaTeX Info: Redefining \bigg on input line 723.
LaTeX Info: Redefining \Bigg on input line 724.
\big@size=\dimen177
LaTeX Font Info:    Redeclaring font encoding OML on input line 742.
LaTeX Font Info:    Redeclaring font encoding OMS on input line 743.
\macc@depth=\count333
LaTeX Info: Redefining \bmod on input line 904.
LaTeX Info: Redefining \pmod on input line 909.
LaTeX Info: Redefining \smash on input line 939.
LaTeX Info: Redefining \relbar on input line 969.
LaTeX Info: Redefining \Relbar on input line 970.
\c@MaxMatrixCols=\count334
\dotsspace@=\muskip18
\c@parentequation=\count335
\dspbrk@lvl=\count336
\tag@help=\toks27
\row@=\count337
\column@=\count338
\maxfields@=\count339
\andhelp@=\toks28
\eqnshift@=\dimen178
\alignsep@=\dimen179
\tagshift@=\dimen180
\tagwidth@=\dimen181
\totwidth@=\dimen182
\lineht@=\dimen183
\@envbody=\toks29
\multlinegap=\skip57
\multlinetaggap=\skip58
\mathdisplay@stack=\toks30
LaTeX Info: Redefining \[ on input line 2949.
LaTeX Info: Redefining \] on input line 2950.
) (/nix/store/w6p2va3ar44y89m5imfkp7vln1zrmmp7-texlive-2025-env-texmfdist/tex/latex/amsfonts/amsfonts.sty
Package: amsfonts 2013/01/14 v3.01 Basic AMSFonts support
\symAMSa=\mathgroup5
\symAMSb=\mathgroup6
LaTeX Font Info:    Redeclaring math symbol \hbar on input line 98.
LaTeX Font Info:    Overwriting math alphabet `\mathfrak' in version `bold'
(Font)                  U/euf/m/n --> U/euf/b/n on input line 106.
) (/nix/store/w6p2va3ar44y89m5imfkp7vln1zrmmp7-texlive-2025-env-texmfdist/tex/latex/cmsrb/cmsrb.sty
Package: cmsrb 2020/03/30 v4.0 cmsrb
LaTeX Font Info:    Redeclaring symbol font `operators' on input line 210.
LaTeX Font Info:    Overwriting symbol font `operators' in version `normal'
(Font)                  OT1/cmr/m/n --> OT1/cmrsrbm/m/n on input line 210.
LaTeX Font Info:    Overwriting symbol font `operators' in version `bold'
(Font)                  OT1/cmr/bx/n --> OT1/cmrsrbm/m/n on input line 210.
LaTeX Font Info:    Redeclaring symbol font `letters' on input line 211.
LaTeX Font Info:    Overwriting symbol font `letters' in version `normal'
(Font)                  OML/cmm/m/it --> OML/cmmsrbm/m/it on input line 211.
LaTeX Font Info:    Overwriting symbol font `letters' in version `bold'
(Font)                  OML/cmm/b/it --> OML/cmmsrbm/m/it on input line 211.
LaTeX Font Info:    Redeclaring math alphabet \mathbf on input line 212.
LaTeX Font Info:    Overwriting math alphabet `\mathbf' in version `normal'
(Font)                  OT1/cmr/bx/n --> OT1/cmrsrbm/bx/n on input line 212.
LaTeX Font Info:    Overwriting math alphabet `\mathbf' in version `bold'
(Font)                  OT1/cmr/bx/n --> OT1/cmrsrbm/bx/n on input line 212.
LaTeX Font Info:    Redeclaring math alphabet \mathit on input line 213.
LaTeX Font Info:    Overwriting math alphabet `\mathit' in version `normal'
(Font)                  OT1/cmr/m/it --> OT1/cmrsrbm/m/it on input line 213.
LaTeX Font Info:    Overwriting math alphabet `\mathit' in version `bold'
(Font)                  OT1/cmr/bx/it --> OT1/cmrsrbm/m/it on input line 213.
LaTeX Font Info:    Redeclaring math alphabet \mathsf on input line 214.
LaTeX Font Info:    Overwriting math alphabet `\mathsf' in version `normal'
(Font)                  OT1/cmss/m/n --> OT1/cmsssrbm/m/n on input line 214.
LaTeX Font Info:    Overwriting math alphabet `\mathsf' in version `bold'
(Font)                  OT1/cmss/bx/n --> OT1/cmsssrbm/m/n on input line 214.
LaTeX Font Info:    Redeclaring math alphabet \mathtt on input line 215.
LaTeX Font Info:    Overwriting math alphabet `\mathtt' in version `normal'
(Font)                  OT1/cmtt/m/n --> OT1/cmttsrbm/m/n on input line 215.
LaTeX Font Info:    Overwriting math alphabet `\mathtt' in version `bold'
(Font)                  OT1/cmtt/m/n --> OT1/cmttsrbm/m/n on input line 215.
) (/nix/store/w6p2va3ar44y89m5imfkp7vln1zrmmp7-texlive-2025-env-texmfdist/tex/generic/babel/babel.sty
Package: babel 2025/06/10 v25.10 The multilingual framework for pdfLaTeX, LuaLaTeX and XeLaTeX
\babel@savecnt=\count340
LaTeX Encoding Info:    Redeclaring text command \ij (encoding OT1) on input line 2043.
LaTeX Encoding Info:    Redeclaring text command \IJ (encoding OT1) on input line 2045.
LaTeX Encoding Info:    Redeclaring text command \ij (encoding T1) on input line 2047.
LaTeX Encoding Info:    Redeclaring text command \IJ (encoding T1) on input line 2048.
LaTeX Encoding Info:    Ignoring declaration for text command \ij (encoding ?) on input line 2049.
LaTeX Encoding Info:    Ignoring declaration for text command \IJ (encoding ?) on input line 2051.
LaTeX Encoding Info:    Ignoring declaration for text command \SS (encoding ?) on input line 2076.
\U@D=\dimen184
\l@unhyphenated=\language90
 (/nix/store/w6p2va3ar44y89m5imfkp7vln1zrmmp7-texlive-2025-env-texmfdist/tex/generic/babel/txtbabel.def)
\bbl@readstream=\read3
\bbl@dirlevel=\count341
 (/nix/store/w6p2va3ar44y89m5imfkp7vln1zrmmp7-texlive-2025-env-texmfdist/tex/generic/babel-serbian/serbian.ldf
Language: serbian 2022/09/30 2.2a Serbian Latin support for the Babel system
 (/nix/store/w6p2va3ar44y89m5imfkp7vln1zrmmp7-texlive-2025-env-texmfdist/tex/generic/babel/locale/sr/babel-serbian.tex
Package babel Info: Importing font and identification data for serbian
(babel)             from babel-sr-Latn.ini. Reported on input line 25.
)
Package babel Info: Making " an active character on input line 46.
\srbl@lettering=\count342
)) (/nix/store/w6p2va3ar44y89m5imfkp7vln1zrmmp7-texlive-2025-env-texmfdist/tex/latex/graphics/color.sty
Package: color 2025/01/14 v1.3e Standard LaTeX Color (DPC)
 (/nix/store/w6p2va3ar44y89m5imfkp7vln1zrmmp7-texlive-2025-env-texmfdist/tex/latex/graphics-cfg/color.cfg
File: color.cfg 2016/01/02 v1.6 sample color configuration
)
Package color Info: Driver file: pdftex.def on input line 149.
 (/nix/store/w6p2va3ar44y89m5imfkp7vln1zrmmp7-texlive-2025-env-texmfdist/tex/latex/graphics/mathcolor.ltx))
Package csquotes Info: Checking for multilingual support...
Package csquotes Info: ... found 'babel' package.
Package csquotes Info: Adjusting default style.
Package csquotes Info: Redefining alias 'default' -> 'serbian'.
LaTeX Font Info:    Trying to load font information for OT1+cmsrbr on input line 33.
LaTeX Font Info:    No file OT1cmsrbr.fd. on input line 33.


LaTeX Font Warning: Font shape `OT1/cmsrbr/m/n' undefined
(Font)              using `OT1/cmr/m/n' instead on input line 33.

(/nix/store/w6p2va3ar44y89m5imfkp7vln1zrmmp7-texlive-2025-env-texmfdist/tex/latex/l3backend/l3backend-pdftex.def
File: l3backend-pdftex.def 2025-06-09 L3 backend support: PDF output (pdfTeX)
\l__color_backend_stack_int=\count343
) (./DS100M08KV.aux
Package babel Info: 'serbian' activates 'serbian' shorthands.
(babel)             Reported  on input line 8.
)
\openout1 = `DS100M08KV.aux'.

LaTeX Font Info:    Checking defaults for OML/cmm/m/it on input line 33.
LaTeX Font Info:    ... okay on input line 33.
LaTeX Font Info:    Checking defaults for OMS/cmsy/m/n on input line 33.
LaTeX Font Info:    ... okay on input line 33.
LaTeX Font Info:    Checking defaults for OT1/cmr/m/n on input line 33.
LaTeX Font Info:    ... okay on input line 33.
LaTeX Font Info:    Checking defaults for T1/cmr/m/n on input line 33.
LaTeX Font Info:    ... okay on input line 33.
LaTeX Font Info:    Checking defaults for TS1/cmr/m/n on input line 33.
LaTeX Font Info:    ... okay on input line 33.
LaTeX Font Info:    Checking defaults for OMX/cmex/m/n on input line 33.
LaTeX Font Info:    ... okay on input line 33.
LaTeX Font Info:    Checking defaults for U/cmr/m/n on input line 33.
LaTeX Font Info:    ... okay on input line 33.
LaTeX Font Info:    Checking defaults for PD1/pdf/m/n on input line 33.
LaTeX Font Info:    ... okay on input line 33.
LaTeX Font Info:    Checking defaults for PU/pdf/m/n on input line 33.
LaTeX Font Info:    ... okay on input line 33.
Package translations Info: no dictionary file `translations-basic-dictionary-serbocroatian.trsl' found. on input line 33.
 (/nix/store/w6p2va3ar44y89m5imfkp7vln1zrmmp7-texlive-2025-env-texmfdist/tex/context/base/mkii/supp-pdf.mkii
[Loading MPS to PDF converter (version 2006.09.02).]
\scratchcounter=\count344
\scratchdimen=\dimen185
\scratchbox=\box67
\nofMPsegments=\count345
\nofMParguments=\count346
\everyMPshowfont=\toks31
\MPscratchCnt=\count347
\MPscratchDim=\dimen186
\MPnumerator=\count348
\makeMPintoPDFobject=\count349
\everyMPtoPDFconversion=\toks32
) (/nix/store/w6p2va3ar44y89m5imfkp7vln1zrmmp7-texlive-2025-env-texmfdist/tex/latex/epstopdf-pkg/epstopdf-base.sty
Package: epstopdf-base 2020-01-24 v2.11 Base part for package epstopdf
Package epstopdf-base Info: Redefining graphics rule for `.eps' on input line 485.
 (/nix/store/w6p2va3ar44y89m5imfkp7vln1zrmmp7-texlive-2025-env-texmfdist/tex/latex/latexconfig/epstopdf-sys.cfg
File: epstopdf-sys.cfg 2010/07/13 v1.3 Configuration of (r)epstopdf for TeX Live
))
Package caption Info: Begin \AtBeginDocument code.
Package caption Info: hyperref package is loaded.
Package caption Info: End \AtBeginDocument code.
Package hyperref Info: Link coloring OFF on input line 33.
 (./DS100M08KV.out) (./DS100M08KV.out)
\@outlinefile=\write3
\openout3 = `DS100M08KV.out'.

LaTeX Font Info:    Trying to load font information for U+rsfs on input line 36.
 (/nix/store/w6p2va3ar44y89m5imfkp7vln1zrmmp7-texlive-2025-env-texmfdist/tex/latex/jknapltx/ursfs.fd
File: ursfs.fd 1998/03/24 rsfs font definition file (jk)
)
LaTeX Font Info:    Trying to load font information for U+msa on input line 36.
 (/nix/store/w6p2va3ar44y89m5imfkp7vln1zrmmp7-texlive-2025-env-texmfdist/tex/latex/amsfonts/umsa.fd
File: umsa.fd 2013/01/14 v3.01 AMS symbols A
)
LaTeX Font Info:    Trying to load font information for U+msb on input line 36.
 (/nix/store/w6p2va3ar44y89m5imfkp7vln1zrmmp7-texlive-2025-env-texmfdist/tex/latex/amsfonts/umsb.fd
File: umsb.fd 2013/01/14 v3.01 AMS symbols B
)

LaTeX Warning: No \author given.



[1

{/nix/store/hx1c7wv8vq842xl3a71bk8kk6k9a21bg-texlive-2025-env/share/texmf-var/fonts/map/pdftex/updmap/pdftex.map}]

LaTeX Font Warning: Font shape `OT1/cmsrbr/b/n' undefined
(Font)              using `OT1/cmsrbr/m/n' instead on input line 37.

(./DS100M08KV.toc)
\tf@toc=\write4
\openout4 = `DS100M08KV.toc'.



[2]
<./figs/screw_sizez.jpg, id=162, 511.9125pt x 504.38437pt>
File: ./figs/screw_sizez.jpg Graphic file (type jpg)
<use ./figs/screw_sizez.jpg>
Package pdftex.def Info: ./figs/screw_sizez.jpg  used on input line 47.
(pdftex.def)             Requested size: 204.76137pt x 201.75017pt.
<./figs/pomona.jpg, id=163, 971.63pt x 1022.82124pt>
File: ./figs/pomona.jpg Graphic file (type jpg)
<use ./figs/pomona.jpg>
Package pdftex.def Info: ./figs/pomona.jpg  used on input line 58.
(pdftex.def)             Requested size: 97.16869pt x 102.28812pt.

Underfull \hbox (badness 10000) in paragraph at lines 72--74

 []



[3 <./figs/screw_sizez.jpg> <./figs/pomona.jpg>]
Underfull \hbox (badness 10000) in paragraph at lines 142--145

 []

LaTeX Font Info:    Trying to load font information for TS1+cmsrbr on input line 148.
(/nix/store/w6p2va3ar44y89m5imfkp7vln1zrmmp7-texlive-2025-env-texmfdist/tex/latex/cmsrb/ts1cmsrbr.fd
File: ts1cmsrbr.fd 
)

[4{/nix/store/w6p2va3ar44y89m5imfkp7vln1zrmmp7-texlive-2025-env-texmfdist/fonts/enc/dvips/cmsrb/cmsrbts1.enc}]
LaTeX Info: Symbol \textmu not provided by
            font family cmsrbr in TS1 encoding.
            Default family used instead on input line 197.


[5{/nix/store/w6p2va3ar44y89m5imfkp7vln1zrmmp7-texlive-2025-env-texmfdist/fonts/enc/dvips/cm-super/cm-super-ts1.enc}]
LaTeX Info: Symbol \textmu not provided by
            font family cmsrbr in TS1 encoding.
            Default family used instead on input line 224.
LaTeX Info: Symbol \textmu not provided by
            font family cmsrbr in TS1 encoding.
            Default family used instead on input line 228.


[6] (./DS100M08KV.aux)
 ***********
LaTeX2e <2025-06-01> patch level 1
L3 programming layer <2025-06-09>
 ***********


LaTeX Font Warning: Some font shapes were not available, defaults substituted.

Package rerunfilecheck Info: File `DS100M08KV.out' has not changed.
(rerunfilecheck)             Checksum: 12C96BD5046F79A5C589C28EE6E27112;3992.
 ) 
Here is how much of TeX's memory you used:
 17044 strings out of 467890
 331916 string characters out of 5410143
 730210 words of memory out of 5000000
 45353 multiletter control sequences out of 15000+600000
 636273 words of font info for 76 fonts, out of 8000000 for 9000
 1141 hyphenation exceptions out of 8191
 75i,7n,80p,695b,1101s stack positions out of 10000i,1000n,20000p,200000b,200000s
</nix/store/w6p2va3ar44y89m5imfkp7vln1zrmmp7-texlive-2025-env-texmfdist/fonts/type1/public/amsfonts/cm/cmex10.pfb></nix/store/w6p2va3ar44y89m5imfkp7vln1zrmmp7-texlive-2025-env-texmfdist/fonts/type1/public/amsfonts/cm/cmmi10.pfb></nix/store/w6p2va3ar44y89m5imfkp7vln1zrmmp7-texlive-2025-env-texmfdist/fonts/type1/public/amsfonts/cm/cmmi8.pfb></nix/store/w6p2va3ar44y89m5imfkp7vln1zrmmp7-texlive-2025-env-texmfdist/fonts/type1/public/amsfonts/cm/cmr10.pfb></nix/store/w6p2va3ar44y89m5imfkp7vln1zrmmp7-texlive-2025-env-texmfdist/fonts/type1/public/amsfonts/cm/cmr12.pfb></nix/store/w6p2va3ar44y89m5imfkp7vln1zrmmp7-texlive-2025-env-texmfdist/fonts/type1/public/amsfonts/cm/cmr17.pfb></nix/store/w6p2va3ar44y89m5imfkp7vln1zrmmp7-texlive-2025-env-texmfdist/fonts/type1/public/amsfonts/cm/cmr8.pfb></nix/store/w6p2va3ar44y89m5imfkp7vln1zrmmp7-texlive-2025-env-texmfdist/fonts/type1/public/cmsrb/cmsrbrr.pfb></nix/store/w6p2va3ar44y89m5imfkp7vln1zrmmp7-texlive-2025-env-texmfdist/fonts/type1/public/amsfonts/cm/cmsy10.pfb></nix/store/w6p2va3ar44y89m5imfkp7vln1zrmmp7-texlive-2025-env-texmfdist/fonts/type1/public/amsfonts/cm/cmsy8.pfb></nix/store/w6p2va3ar44y89m5imfkp7vln1zrmmp7-texlive-2025-env-texmfdist/fonts/type1/public/cm-super/sfrm1095.pfb>
Output written on DS100M08KV.pdf (6 pages, 275918 bytes).
PDF statistics:
 267 PDF objects out of 1000 (max. 8388607)
 232 compressed objects within 3 object streams
 47 named destinations out of 1000 (max. 500000)
 243 words of extra memory for PDF output out of 10000 (max. 10000000)

